0 info it worked if it ends with ok
1 verbose cli [ '/Users/zephinzer/.nvm/versions/node/v6.10.2/bin/node',
1 verbose cli   '/Users/zephinzer/.nvm/versions/node/v6.10.2/bin/npm',
1 verbose cli   'run',
1 verbose cli   'eslint-fix' ]
2 info using npm@3.10.10
3 info using node@v6.10.2
4 verbose run-script [ 'preeslint-fix', 'eslint-fix', 'posteslint-fix' ]
5 info lifecycle tmpl8-react@~preeslint-fix: tmpl8-react@
6 silly lifecycle tmpl8-react@~preeslint-fix: no script for preeslint-fix, continuing
7 info lifecycle tmpl8-react@~eslint-fix: tmpl8-react@
8 verbose lifecycle tmpl8-react@~eslint-fix: unsafe-perm in lifecycle true
9 verbose lifecycle tmpl8-react@~eslint-fix: PATH: /Users/zephinzer/.nvm/versions/node/v6.10.2/lib/node_modules/npm/bin/node-gyp-bin:/Users/zephinzer/Projects/tmpl8/_react/node_modules/.bin:/Users/zephinzer/.cargo/bin:/Users/zephinzer/.nvm/versions/node/v6.10.2/bin:/Users/zephinzer/.rbenv/shims:/=/usr/local/bin:/usr/local/mysql/bin:/Library/Frameworks/Python.framework/Versions/2.7/bin:/usr/local/lib/python2.7/site-packages://Users/zephinzer/scripts://Users/zephinzer/.composer/vendor/bin:/usr/local/sbin:/Users/zephinzer/.rbenv/bin:/Users/zephinzer/.cargo/bin:/usr/local/bin:/usr/bin:/bin:/usr/sbin:/sbin:/opt/X11/bin:/usr/local/git/bin:/Library/TeX/texbin:/Users/zephinzer/.cargo/bin:/Users/zephinzer/.rbenv/shims:/=/usr/local/bin:/usr/local/mysql/bin:/Library/Frameworks/Python.framework/Versions/2.7/bin:/usr/local/lib/python2.7/site-packages://Users/zephinzer/scripts://Users/zephinzer/.composer/vendor/bin:/usr/local/sbin:/Users/zephinzer/.rbenv/bin
10 verbose lifecycle tmpl8-react@~eslint-fix: CWD: /Users/zephinzer/Projects/tmpl8/_react
11 silly lifecycle tmpl8-react@~eslint-fix: Args: [ '-c', 'eslint . --fix' ]
12 silly lifecycle tmpl8-react@~eslint-fix: Returned: code: 1  signal: null
13 info lifecycle tmpl8-react@~eslint-fix: Failed to exec eslint-fix script
14 verbose stack Error: tmpl8-react@ eslint-fix: `eslint . --fix`
14 verbose stack Exit status 1
14 verbose stack     at EventEmitter.<anonymous> (/Users/zephinzer/.nvm/versions/node/v6.10.2/lib/node_modules/npm/lib/utils/lifecycle.js:255:16)
14 verbose stack     at emitTwo (events.js:106:13)
14 verbose stack     at EventEmitter.emit (events.js:191:7)
14 verbose stack     at ChildProcess.<anonymous> (/Users/zephinzer/.nvm/versions/node/v6.10.2/lib/node_modules/npm/lib/utils/spawn.js:40:14)
14 verbose stack     at emitTwo (events.js:106:13)
14 verbose stack     at ChildProcess.emit (events.js:191:7)
14 verbose stack     at maybeClose (internal/child_process.js:886:16)
14 verbose stack     at Process.ChildProcess._handle.onexit (internal/child_process.js:226:5)
15 verbose pkgid tmpl8-react@
16 verbose cwd /Users/zephinzer/Projects/tmpl8/_react
17 error Darwin 15.6.0
18 error argv "/Users/zephinzer/.nvm/versions/node/v6.10.2/bin/node" "/Users/zephinzer/.nvm/versions/node/v6.10.2/bin/npm" "run" "eslint-fix"
19 error node v6.10.2
20 error npm  v3.10.10
21 error code ELIFECYCLE
22 error tmpl8-react@ eslint-fix: `eslint . --fix`
22 error Exit status 1
23 error Failed at the tmpl8-react@ eslint-fix script 'eslint . --fix'.
23 error Make sure you have the latest version of node.js and npm installed.
23 error If you do, this is most likely a problem with the tmpl8-react package,
23 error not with npm itself.
23 error Tell the author that this fails on your system:
23 error     eslint . --fix
23 error You can get information on how to open an issue for this project with:
23 error     npm bugs tmpl8-react
23 error Or if that isn't available, you can get their info via:
23 error     npm owner ls tmpl8-react
23 error There is likely additional logging output above.
24 verbose exit [ 1, true ]
